<?xml version="1.0" encoding="UTF-8"?>
<!-- Generated by org.testng.reporters.JUnitReportReporter -->
<testsuite hostname="5CG127066X" failures="0" tests="1" name="downloadFileTests.DownloadFileTests" time="17.775" errors="0" timestamp="2021-10-04T19:40:45 ICT" skipped="0">
  <testcase classname="downloadFileTests.DownloadFileTests" name="downLoadFileTest" time="17.775"/>
  <system-out/>
</testsuite> <!-- downloadFileTests.DownloadFileTests -->
