<?xml version="1.0" encoding="UTF-8"?>
<!-- Generated by org.testng.reporters.JUnitReportReporter -->
<testsuite hostname="5CG127066X" failures="0" tests="1" name="downloadFileTests.DownloadFileTests" time="19.492" errors="0" timestamp="2021-09-30T20:42:38 ICT" skipped="0">
  <testcase classname="downloadFileTests.DownloadFileTests" name="downLoadFileTest" time="19.492"/>
  <system-out/>
</testsuite> <!-- downloadFileTests.DownloadFileTests -->
