<?xml version="1.0" encoding="UTF-8"?>
<!-- Generated by org.testng.reporters.JUnitReportReporter -->
<testsuite hostname="5CG127066X" failures="0" tests="1" name="alertTests.AlertTests" time="12.783" errors="0" timestamp="2021-10-13T20:15:16 ICT" skipped="0">
  <testcase classname="alertTests.AlertTests" name="JSAlertTest" time="12.783"/>
  <system-out/>
</testsuite> <!-- alertTests.AlertTests -->
