<?xml version="1.0" encoding="UTF-8"?>
<!-- Generated by org.testng.reporters.JUnitReportReporter -->
<testsuite hostname="5CG127066X" failures="0" tests="1" name="alertTests.AlertTests" time="13.985" errors="0" timestamp="2021-10-08T14:29:40 ICT" skipped="0">
  <testcase classname="alertTests.AlertTests" name="JSConfirmDismissTest" time="13.985"/>
  <system-out/>
</testsuite> <!-- alertTests.AlertTests -->
