<?xml version="1.0" encoding="UTF-8"?>
<!-- Generated by org.testng.reporters.JUnitReportReporter -->
<testsuite hostname="5CG127066X" failures="0" tests="1" name="downloadFileTests.DownloadFileTests" time="16.780" errors="0" timestamp="2021-10-08T14:28:38 ICT" skipped="0">
  <testcase classname="downloadFileTests.DownloadFileTests" name="downLoadFileTest" time="16.780"/>
  <system-out/>
</testsuite> <!-- downloadFileTests.DownloadFileTests -->
