<?xml version="1.0" encoding="UTF-8"?>
<!-- Generated by org.testng.reporters.JUnitReportReporter -->
<testsuite hostname="5CG127066X" failures="0" tests="1" name="iFrameTests.IFrameTests" time="16.840" errors="0" timestamp="2021-10-08T14:34:03 ICT" skipped="0">
  <testcase classname="iFrameTests.IFrameTests" name="IFrameTest" time="16.840"/>
  <system-out/>
</testsuite> <!-- iFrameTests.IFrameTests -->
