<?xml version="1.0" encoding="UTF-8"?>
<!-- Generated by org.testng.reporters.JUnitReportReporter -->
<testsuite hostname="5CG127066X" failures="0" tests="5" name="loginTests.NegativeLogInTests" time="57.059" errors="0" timestamp="2021-10-18T21:11:36 ICT" skipped="0">
  <testcase classname="loginTests.NegativeLogInTests" name="negativeLogInTest" time="11.433"/>
  <system-out/>
  <testcase classname="loginTests.NegativeLogInTests" name="negativeLogInTest" time="11.217"/>
  <system-out/>
  <testcase classname="loginTests.NegativeLogInTests" name="negativeLogInTest" time="10.279"/>
  <system-out/>
  <testcase classname="loginTests.NegativeLogInTests" name="negativeLogInTest" time="10.475"/>
  <system-out/>
  <testcase classname="loginTests.NegativeLogInTests" name="negativeLogInTest" time="13.655"/>
  <system-out/>
</testsuite> <!-- loginTests.NegativeLogInTests -->
