<?xml version="1.0" encoding="UTF-8"?>
<!-- Generated by org.testng.reporters.JUnitReportReporter -->
<testsuite hostname="5CG127066X" failures="0" tests="1" name="loginTests.PositiveLoginTests" time="13.317" errors="0" timestamp="2021-10-18T21:01:55 ICT" skipped="0">
  <testcase classname="loginTests.PositiveLoginTests" name="PositiveTests" time="13.317"/>
  <system-out/>
</testsuite> <!-- loginTests.PositiveLoginTests -->
