<?xml version="1.0" encoding="UTF-8"?>
<!-- Generated by org.testng.reporters.JUnitReportReporter -->
<testsuite hostname="5CG127066X" failures="0" tests="1" name="uploadFileTests.UploadFileTests" time="20.119" errors="0" timestamp="2021-09-29T19:49:28 ICT" skipped="0">
  <testcase classname="uploadFileTests.UploadFileTests" name="UploadFileTest" time="20.119"/>
  <system-out/>
</testsuite> <!-- uploadFileTests.UploadFileTests -->
