<?xml version="1.0" encoding="UTF-8"?>
<!-- Generated by org.testng.reporters.JUnitReportReporter -->
<testsuite hostname="5CG127066X" failures="0" tests="1" name="uploadFileTests.UploadFileTests" time="18.054" errors="0" timestamp="2021-09-28T19:04:22 ICT" skipped="0">
  <testcase classname="uploadFileTests.UploadFileTests" name="UploadFileTest" time="18.054"/>
  <system-out/>
</testsuite> <!-- uploadFileTests.UploadFileTests -->
