<?xml version="1.0" encoding="UTF-8"?>
<!-- Generated by org.testng.reporters.JUnitReportReporter -->
<testsuite hostname="5CG127066X" failures="0" tests="1" name="alertTests.AlertTests" time="12.584" errors="0" timestamp="2021-09-28T14:40:56 ICT" skipped="0">
  <testcase classname="alertTests.AlertTests" name="newTab" time="12.584"/>
  <system-out/>
</testsuite> <!-- alertTests.AlertTests -->
