<?xml version="1.0" encoding="UTF-8"?>
<!-- Generated by org.testng.reporters.JUnitReportReporter -->
<testsuite hostname="5CG127066X" failures="0" tests="1" name="multipleWindowsTests.MultipleWindowsTests" time="11.509" errors="0" timestamp="2021-10-08T14:39:05 ICT" skipped="0">
  <testcase classname="multipleWindowsTests.MultipleWindowsTests" name="newTab" time="11.509"/>
  <system-out/>
</testsuite> <!-- multipleWindowsTests.MultipleWindowsTests -->
