<?xml version="1.0" encoding="UTF-8"?>
<!-- Generated by org.testng.reporters.JUnitReportReporter -->
<testsuite hostname="5CG127066X" failures="0" tests="1" name="iFrameTests.IFrameTests" time="15.121" errors="0" timestamp="2021-09-28T19:47:08 ICT" skipped="0">
  <testcase classname="iFrameTests.IFrameTests" name="IFrameTest" time="15.121"/>
  <system-out/>
</testsuite> <!-- iFrameTests.IFrameTests -->
