<?xml version="1.0" encoding="UTF-8"?>
<!-- Generated by org.testng.reporters.JUnitReportReporter -->
<testsuite hostname="5CG127066X" failures="0" tests="1" name="downloadFileTests.DownloadFileTests" time="16.345" errors="0" timestamp="2021-09-28T19:14:07 ICT" skipped="0">
  <testcase classname="downloadFileTests.DownloadFileTests" name="downLoadFileTest" time="16.345"/>
  <system-out/>
</testsuite> <!-- downloadFileTests.DownloadFileTests -->
